This file contains any messages produced by compilers while
running configure, to aid debugging if configure makes a mistake.

It was created by configure, which was
generated by GNU Autoconf 2.69.  Invocation command line was

  $ ./configure 

## --------- ##
## Platform. ##
## --------- ##

hostname = vmi145328.contaboserver.net
uname -m = x86_64
uname -r = 4.9.0-4-amd64
uname -s = Linux
uname -v = #1 SMP Debian 4.9.51-1 (2017-09-28)

/usr/bin/uname -p = unknown
/bin/uname -X     = unknown

/bin/arch              = unknown
/usr/bin/arch -k       = unknown
/usr/convex/getsysinfo = unknown
/usr/bin/hostinfo      = unknown
/bin/machine           = unknown
/usr/bin/oslevel       = unknown
/bin/universe          = unknown

PATH: /usr/local/bin
PATH: /usr/bin
PATH: /bin
PATH: /usr/local/games
PATH: /usr/games


## ----------- ##
## Core tests. ##
## ----------- ##

configure:1948: checking build system type
configure:1962: result: x86_64-pc-linux-gnu
configure:1982: checking host system type
configure:1995: result: x86_64-pc-linux-gnu
configure:2065: checking for gcc
configure:2081: found /usr/bin/gcc
configure:2092: result: gcc
configure:2321: checking for C compiler version
configure:2330: gcc --version >&5
gcc (Debian 6.3.0-18) 6.3.0 20170516
Copyright (C) 2016 Free Software Foundation, Inc.
This is free software; see the source for copying conditions.  There is NO
warranty; not even for MERCHANTABILITY or FITNESS FOR A PARTICULAR PURPOSE.

configure:2341: $? = 0
configure:2330: gcc -v >&5
Using built-in specs.
COLLECT_GCC=gcc
COLLECT_LTO_WRAPPER=/usr/lib/gcc/x86_64-linux-gnu/6/lto-wrapper
Target: x86_64-linux-gnu
Configured with: ../src/configure -v --with-pkgversion='Debian 6.3.0-18' --with-bugurl=file:///usr/share/doc/gcc-6/README.Bugs --enable-languages=c,ada,c++,java,go,d,fortran,objc,obj-c++ --prefix=/usr --program-suffix=-6 --program-prefix=x86_64-linux-gnu- --enable-shared --enable-linker-build-id --libexecdir=/usr/lib --without-included-gettext --enable-threads=posix --libdir=/usr/lib --enable-nls --with-sysroot=/ --enable-clocale=gnu --enable-libstdcxx-debug --enable-libstdcxx-time=yes --with-default-libstdcxx-abi=new --enable-gnu-unique-object --disable-vtable-verify --enable-libmpx --enable-plugin --enable-default-pie --with-system-zlib --disable-browser-plugin --enable-java-awt=gtk --enable-gtk-cairo --with-java-home=/usr/lib/jvm/java-1.5.0-gcj-6-amd64/jre --enable-java-home --with-jvm-root-dir=/usr/lib/jvm/java-1.5.0-gcj-6-amd64 --with-jvm-jar-dir=/usr/lib/jvm-exports/java-1.5.0-gcj-6-amd64 --with-arch-directory=amd64 --with-ecj-jar=/usr/share/java/eclipse-ecj.jar --with-target-system-zlib --enable-objc-gc=auto --enable-multiarch --with-arch-32=i686 --with-abi=m64 --with-multilib-list=m32,m64,mx32 --enable-multilib --with-tune=generic --enable-checking=release --build=x86_64-linux-gnu --host=x86_64-linux-gnu --target=x86_64-linux-gnu
Thread model: posix
gcc version 6.3.0 20170516 (Debian 6.3.0-18) 
configure:2341: $? = 0
configure:2330: gcc -V >&5
gcc: error: unrecognized command line option '-V'
gcc: fatal error: no input files
compilation terminated.
configure:2341: $? = 1
configure:2330: gcc -qversion >&5
gcc: error: unrecognized command line option '-qversion'; did you mean '--version'?
gcc: fatal error: no input files
compilation terminated.
configure:2341: $? = 1
configure:2361: checking whether the C compiler works
configure:2383: gcc    conftest.c  >&5
configure:2387: $? = 0
configure:2435: result: yes
configure:2438: checking for C compiler default output file name
configure:2440: result: a.out
configure:2446: checking for suffix of executables
configure:2453: gcc -o conftest    conftest.c  >&5
configure:2457: $? = 0
configure:2479: result: 
configure:2501: checking whether we are cross compiling
configure:2509: gcc -o conftest    conftest.c  >&5
configure:2513: $? = 0
configure:2520: ./conftest
configure:2524: $? = 0
configure:2539: result: no
configure:2544: checking for suffix of object files
configure:2566: gcc -c   conftest.c >&5
configure:2570: $? = 0
configure:2591: result: o
configure:2595: checking whether we are using the GNU C compiler
configure:2614: gcc -c   conftest.c >&5
configure:2614: $? = 0
configure:2623: result: yes
configure:2632: checking whether gcc accepts -g
configure:2652: gcc -c -g  conftest.c >&5
configure:2652: $? = 0
configure:2693: result: yes
configure:2710: checking for gcc option to accept ISO C89
configure:2773: gcc  -c -g -O2  conftest.c >&5
configure:2773: $? = 0
configure:2786: result: none needed
configure:2809: checking for an ANSI C-conforming const
configure:2875: gcc -c -g -O2  conftest.c >&5
configure:2875: $? = 0
configure:2882: result: yes
configure:3035: checking for pkg-config
configure:3053: found /usr/bin/pkg-config
configure:3065: result: /usr/bin/pkg-config
configure:3090: checking pkg-config is at least version 0.9.0
configure:3093: result: yes
configure:3130: checking for SDL
configure:3137: $PKG_CONFIG --exists --print-errors "sdl2 >= $min_sdl_version"
configure:3140: $? = 0
configure:3153: $PKG_CONFIG --exists --print-errors "sdl2 >= $min_sdl_version"
configure:3156: $? = 0
configure:3193: result: yes
configure:3448: checking how to run the C preprocessor
configure:3479: gcc -E  conftest.c
configure:3479: $? = 0
configure:3493: gcc -E  conftest.c
conftest.c:9:28: fatal error: ac_nonexistent.h: No such file or directory
 #include <ac_nonexistent.h>
                            ^
compilation terminated.
configure:3493: $? = 1
configure: failed program was:
| /* confdefs.h */
| #define PACKAGE_NAME ""
| #define PACKAGE_TARNAME ""
| #define PACKAGE_VERSION ""
| #define PACKAGE_STRING ""
| #define PACKAGE_BUGREPORT ""
| #define PACKAGE_URL ""
| /* end confdefs.h.  */
| #include <ac_nonexistent.h>
configure:3518: result: gcc -E
configure:3538: gcc -E  conftest.c
configure:3538: $? = 0
configure:3552: gcc -E  conftest.c
conftest.c:9:28: fatal error: ac_nonexistent.h: No such file or directory
 #include <ac_nonexistent.h>
                            ^
compilation terminated.
configure:3552: $? = 1
configure: failed program was:
| /* confdefs.h */
| #define PACKAGE_NAME ""
| #define PACKAGE_TARNAME ""
| #define PACKAGE_VERSION ""
| #define PACKAGE_STRING ""
| #define PACKAGE_BUGREPORT ""
| #define PACKAGE_URL ""
| /* end confdefs.h.  */
| #include <ac_nonexistent.h>
configure:3581: checking for X
configure:3689: gcc -E  conftest.c
configure:3689: $? = 0
configure:3720: gcc -o conftest -g -O2 -D_REENTRANT -I/usr/include/SDL2   conftest.c -lX11  -lSDL2_test -lSDL2 >&5
configure:3720: $? = 0
configure:3770: result: libraries , headers 
configure:3793: checking for OpenGL support
configure:3810: gcc -c -g -O2 -D_REENTRANT -I/usr/include/SDL2  conftest.c >&5
configure:3810: $? = 0
configure:3816: result: yes
configure:3819: checking for OpenGL ES support
configure:3840: gcc -c -g -O2 -D_REENTRANT -I/usr/include/SDL2  conftest.c >&5
conftest.c:13:25: fatal error: GLES/gl.h: No such file or directory
     #include <GLES/gl.h>
                         ^
compilation terminated.
configure:3840: $? = 1
configure: failed program was:
| /* confdefs.h */
| #define PACKAGE_NAME ""
| #define PACKAGE_TARNAME ""
| #define PACKAGE_VERSION ""
| #define PACKAGE_STRING ""
| #define PACKAGE_BUGREPORT ""
| #define PACKAGE_URL ""
| /* end confdefs.h.  */
| 
|  #if defined (__IPHONEOS__)
|     #include <OpenGLES/ES1/gl.h>
|  #else
|     #include <GLES/gl.h>
|  #endif /* __QNXNTO__ */
| 
| int
| main ()
| {
| 
| 
|   ;
|   return 0;
| }
configure:3846: result: no
configure:3849: checking for OpenGL ES2 support
configure:3872: gcc -c -g -O2 -D_REENTRANT -I/usr/include/SDL2  conftest.c >&5
configure:3872: $? = 0
configure:3878: result: yes
configure:3903: checking for pixelColor  in -lSDL2_gfx
configure:3928: gcc -o conftest -g -O2 -D_REENTRANT -I/usr/include/SDL2 -DHAVE_OPENGLES2 -DHAVE_OPENGL   conftest.c -lSDL2_gfx   -lSDL2_test -lSDL2 >&5
configure:3928: $? = 0
configure:3937: result: yes
configure:4103: creating ./config.status

## ---------------------- ##
## Running config.status. ##
## ---------------------- ##

This file was extended by config.status, which was
generated by GNU Autoconf 2.69.  Invocation command line was

  CONFIG_FILES    = 
  CONFIG_HEADERS  = 
  CONFIG_LINKS    = 
  CONFIG_COMMANDS = 
  $ ./config.status 

on vmi145328.contaboserver.net

config.status:741: creating Makefile

## ---------------- ##
## Cache variables. ##
## ---------------- ##

ac_cv_build=x86_64-pc-linux-gnu
ac_cv_c_compiler_gnu=yes
ac_cv_c_const=yes
ac_cv_env_CC_set=
ac_cv_env_CC_value=
ac_cv_env_CFLAGS_set=
ac_cv_env_CFLAGS_value=
ac_cv_env_CPPFLAGS_set=
ac_cv_env_CPPFLAGS_value=
ac_cv_env_CPP_set=
ac_cv_env_CPP_value=
ac_cv_env_LDFLAGS_set=
ac_cv_env_LDFLAGS_value=
ac_cv_env_LIBS_set=
ac_cv_env_LIBS_value=
ac_cv_env_PKG_CONFIG_LIBDIR_set=
ac_cv_env_PKG_CONFIG_LIBDIR_value=
ac_cv_env_PKG_CONFIG_PATH_set=
ac_cv_env_PKG_CONFIG_PATH_value=
ac_cv_env_PKG_CONFIG_set=
ac_cv_env_PKG_CONFIG_value=
ac_cv_env_SDL_CFLAGS_set=
ac_cv_env_SDL_CFLAGS_value=
ac_cv_env_SDL_LIBS_set=
ac_cv_env_SDL_LIBS_value=
ac_cv_env_XMKMF_set=
ac_cv_env_XMKMF_value=
ac_cv_env_build_alias_set=
ac_cv_env_build_alias_value=
ac_cv_env_host_alias_set=
ac_cv_env_host_alias_value=
ac_cv_env_target_alias_set=
ac_cv_env_target_alias_value=
ac_cv_have_x='have_x=yes	ac_x_includes='\'''\''	ac_x_libraries='\'''\'''
ac_cv_host=x86_64-pc-linux-gnu
ac_cv_lib_SDL2_gfx_pixelColor_=yes
ac_cv_objext=o
ac_cv_path_ac_pt_PKG_CONFIG=/usr/bin/pkg-config
ac_cv_prog_CPP='gcc -E'
ac_cv_prog_ac_ct_CC=gcc
ac_cv_prog_cc_c89=
ac_cv_prog_cc_g=yes
pkg_cv_SDL_CFLAGS='-D_REENTRANT -I/usr/include/SDL2'
pkg_cv_SDL_LIBS=-lSDL2

## ----------------- ##
## Output variables. ##
## ----------------- ##

CC='gcc'
CFLAGS='-g -O2 -D_REENTRANT -I/usr/include/SDL2 -DHAVE_OPENGLES2 -DHAVE_OPENGL'
CPP='gcc -E'
CPPFLAGS=''
DEFS='-DPACKAGE_NAME=\"\" -DPACKAGE_TARNAME=\"\" -DPACKAGE_VERSION=\"\" -DPACKAGE_STRING=\"\" -DPACKAGE_BUGREPORT=\"\" -DPACKAGE_URL=\"\"'
ECHO_C=''
ECHO_N='-n'
ECHO_T=''
EXE=''
EXEEXT=''
GLES2LIB=''
GLESLIB=''
GLLIB=' -lGL'
LDFLAGS=''
LIBOBJS=''
LIBS=' -lSDL2_test -lSDL2 -lSDL2_gfx'
LTLIBOBJS=''
MATHLIB='-lm'
OBJEXT='o'
OSMESA_CONFIG=''
PACKAGE_BUGREPORT=''
PACKAGE_NAME=''
PACKAGE_STRING=''
PACKAGE_TARNAME=''
PACKAGE_URL=''
PACKAGE_VERSION=''
PATH_SEPARATOR=':'
PKG_CONFIG='/usr/bin/pkg-config'
PKG_CONFIG_LIBDIR=''
PKG_CONFIG_PATH=''
SDL_CFLAGS='-D_REENTRANT -I/usr/include/SDL2'
SDL_CONFIG='pkg-config sdl2'
SDL_LIBS='-lSDL2'
SHELL='/bin/bash'
XLIB='-lX11'
XMKMF=''
ac_ct_CC='gcc'
bindir='${exec_prefix}/bin'
build='x86_64-pc-linux-gnu'
build_alias=''
build_cpu='x86_64'
build_os='linux-gnu'
build_vendor='pc'
datadir='${datarootdir}'
datarootdir='${prefix}/share'
docdir='${datarootdir}/doc/${PACKAGE}'
dvidir='${docdir}'
exec_prefix='${prefix}'
host='x86_64-pc-linux-gnu'
host_alias=''
host_cpu='x86_64'
host_os='linux-gnu'
host_vendor='pc'
htmldir='${docdir}'
includedir='${prefix}/include'
infodir='${datarootdir}/info'
libdir='${exec_prefix}/lib'
libexecdir='${exec_prefix}/libexec'
localedir='${datarootdir}/locale'
localstatedir='${prefix}/var'
mandir='${datarootdir}/man'
oldincludedir='/usr/include'
pdfdir='${docdir}'
prefix='/usr/local'
program_transform_name='s,x,x,'
psdir='${docdir}'
sbindir='${exec_prefix}/sbin'
sharedstatedir='${prefix}/com'
sysconfdir='${prefix}/etc'
target_alias=''

## ----------- ##
## confdefs.h. ##
## ----------- ##

/* confdefs.h */
#define PACKAGE_NAME ""
#define PACKAGE_TARNAME ""
#define PACKAGE_VERSION ""
#define PACKAGE_STRING ""
#define PACKAGE_BUGREPORT ""
#define PACKAGE_URL ""

configure: exit 0
